Arguments: 
  /usr/local/bin/node /Users/tianhuili/.npm-packages/bin/yarn publish

PATH: 
  /opt/homebrew/Caskroom/google-cloud-sdk/latest/google-cloud-sdk/bin:/opt/homebrew/bin:/opt/homebrew/sbin:/usr/local/bin:/usr/bin:/bin:/usr/sbin:/sbin:/opt/homebrew/Caskroom/miniforge/base/bin:/opt/homebrew/Caskroom/miniforge/base/condabin:/opt/homebrew/bin:/opt/homebrew/sbin:/Users/tianhuili/.npm-packages/bin:/Users/tianhuili/go/bin:/Users/tianhuili/.npm-packages/bin:/Users/tianhuili/go/bin

Yarn version: 
  1.22.10

Node version: 
  14.16.1

Platform: 
  darwin x64

Trace: 
  Error: canceled
      at Interface.<anonymous> (/Users/tianhuili/.npm-packages/lib/node_modules/yarn/lib/cli.js:136216:13)
      at Interface.emit (events.js:315:20)
      at Interface._ttyWrite (readline.js:875:16)
      at ReadStream.onkeypress (readline.js:213:10)
      at ReadStream.emit (events.js:315:20)
      at emitKeys (internal/readline/utils.js:345:14)
      at emitKeys.next (<anonymous>)
      at ReadStream.onData (readline.js:1144:36)
      at ReadStream.emit (events.js:315:20)
      at addChunk (internal/streams/readable.js:309:12)

npm manifest: 
  {
    "name": "@globalunderdog/common",
    "version": "1.8.0",
    "description": "Code that is shared between back/front end",
    "main": "dist/index.js",
    "repository": "https://github.com/GlobalUnderdog/common",
    "author": "Global Underdog",
    "license": "MIT",
    "scripts": {
      "clean": "rm -Rf dist",
      "build": "yarn clean && tsc",
      "prepublishOnly": "yarn build",
      "tag:dryRun": "npx node tag.js --dryRun",
      "tag": "npx node tag.js"
    },
    "devDependencies": {
      "@types/node": "^16.9.1",
      "ts-toolbelt": "^6.0.0",
      "typescript": "^3.4.3"
    },
    "dependencies": {
      "@tianhuil/simple-trpc": "^1.8.1"
    }
  }

yarn manifest: 
  No manifest

Lockfile: 
  # THIS IS AN AUTOGENERATED FILE. DO NOT EDIT THIS FILE DIRECTLY.
  # yarn lockfile v1
  
  
  "@tianhuil/simple-trpc@^1.8.1":
    version "1.8.1"
    resolved "https://registry.yarnpkg.com/@tianhuil/simple-trpc/-/simple-trpc-1.8.1.tgz#fc42b0d7e396f1567512dd0df64d561acf3f5b7d"
    integrity sha512-C87sFaS3pEvtvzdLLnie+I2nFgWYdP835jfpUoKYs+Wp1ZmBVXyTBnemTHIYXPiM+jdNRAke21Un89kvZJIWPA==
  
  "@types/node@^16.9.1":
    version "16.9.1"
    resolved "https://registry.yarnpkg.com/@types/node/-/node-16.9.1.tgz#0611b37db4246c937feef529ddcc018cf8e35708"
    integrity sha512-QpLcX9ZSsq3YYUUnD3nFDY8H7wctAhQj/TFKL8Ya8v5fMm3CFXxo8zStsLAl780ltoYoo1WvKUVGBQK+1ifr7g==
  
  ts-toolbelt@^6.0.0:
    version "6.15.5"
    resolved "https://registry.yarnpkg.com/ts-toolbelt/-/ts-toolbelt-6.15.5.tgz#cb3b43ed725cb63644782c64fbcad7d8f28c0a83"
    integrity sha512-FZIXf1ksVyLcfr7M317jbB67XFJhOO1YqdTcuGaq9q5jLUoTikukZ+98TPjKiP2jC5CgmYdWWYs0s2nLSU0/1A==
  
  typescript@^3.4.3:
    version "3.9.7"
    resolved "https://registry.yarnpkg.com/typescript/-/typescript-3.9.7.tgz#98d600a5ebdc38f40cb277522f12dc800e9e25fa"
    integrity sha512-BLbiRkiBzAwsjut4x/dsibSTB6yWpwT5qWmC2OfuCg3GgVQCSgMs4vEctYPhsaGtd0AeuuHMkjZ2h2WG8MSzRw==
